<?xml version="1.0" encoding="UTF-8"?>
<testng-results ignored="0" total="1" passed="1" failed="0" skipped="0">
  <reporter-output>
  </reporter-output>
  <suite started-at="2020-10-12T14:04:16 IST" name="Command line suite" finished-at="2020-10-12T14:04:34 IST" duration-ms="17507">
    <groups>
    </groups>
    <test started-at="2020-10-12T14:04:16 IST" name="Command line test" finished-at="2020-10-12T14:04:34 IST" duration-ms="17507">
      <class name="com.test.Simple">
        <test-method signature="testJar()[pri:0, instance:com.test.Simple@7fac631b]" started-at="2020-10-12T14:04:17 IST" name="testJar" finished-at="2020-10-12T14:04:34 IST" duration-ms="17417" status="PASS">
          <reporter-output>
          </reporter-output>
        </test-method> <!-- testJar -->
      </class> <!-- com.test.Simple -->
    </test> <!-- Command line test -->
  </suite> <!-- Command line suite -->
</testng-results>
